<?xml version="1.0" encoding="UTF-8"?>
<!-- Generated by org.testng.reporters.JUnitXMLReporter -->
<testsuite hostname="ISOFT-PC155" name="testAuthentication" tests="5" failures="5" timestamp="12 Jan 2020 06:38:25 GMT" time="1.961" errors="0">
  <testcase name="test_steps" time="1.095" classname="ISOFT.APITesting.TCs.CorrelationTCs_ValuesValidation">
    <failure type="java.lang.AssertionError" message="[Step 1]

************************************************************************************
URL: 
 &amp;lt;https://qadls:7779/dlsgw/api/sec/authenticate&amp;gt;
************************************************************************************
Request type: 
 &amp;lt;POST&amp;gt;
************************************************************************************
Headers: 
 &amp;lt;Content-Type&amp;gt; : &amp;lt;application/json&amp;gt;
************************************************************************************
Request body: 
 &amp;lt;{&amp;quot;apiKey&amp;quot;: &amp;quot;NY*p.p&amp;gt;93^P6&amp;lt;!s[Q7`(X5)Jc8kWD*:fJ[B)db#UXe)??Ttjx]&amp;quot;,
&amp;quot;username&amp;quot;:&amp;quot;anonymous_user&amp;quot;
	}
	
&amp;gt;
************************************************************************************
Expected status code: 
200
************************************************************************************
Json paths to check: 
 &amp;lt;id_token&amp;gt; : &amp;lt;string&amp;gt; : &amp;lt;NULL&amp;gt;
************************************************************************************
The returned  response:

Headers:
Date=Sun, 12 Jan 2020 06:36:38 GMT
X-Content-Type-Options=nosniff
X-XSS-Protection=1; mode=block
X-ORACLE-DMS-ECID=005ayiKhSZd6yGbLxI^AyW0008l_0004M8
X-ORACLE-DMS-RID=0:1
Connection=close
Transfer-Encoding=chunked
Content-Type=application/json;charset=UTF-8

Cookies:
{}

Body:
{
    &amp;quot;timestamp&amp;quot;: &amp;quot;2020-01-12T10:36:38.174+0400&amp;quot;,
    &amp;quot;status&amp;quot;: 500,
    &amp;quot;error&amp;quot;: &amp;quot;Internal Server Error&amp;quot;,
    &amp;quot;message&amp;quot;: &amp;quot;No data element Found&amp;quot;,
    &amp;quot;path&amp;quot;: &amp;quot;/dlsgw/api/sec/authenticate&amp;quot;
}
 expected [200] but found [500]">
        <![CDATA[java.lang.AssertionError: [Step 1]

************************************************************************************
URL: 
 <https://qadls:7779/dlsgw/api/sec/authenticate>
************************************************************************************
Request type: 
 <POST>
************************************************************************************
Headers: 
 <Content-Type> : <application/json>
************************************************************************************
Request body: 
 <{"apiKey": "NY*p.p>93^P6<!s[Q7`(X5)Jc8kWD*:fJ[B)db#UXe)??Ttjx]",
"username":"anonymous_user"
	}
	
>
************************************************************************************
Expected status code: 
200
************************************************************************************
Json paths to check: 
 <id_token> : <string> : <NULL>
************************************************************************************
The returned  response:

Headers:
Date=Sun, 12 Jan 2020 06:36:38 GMT
X-Content-Type-Options=nosniff
X-XSS-Protection=1; mode=block
X-ORACLE-DMS-ECID=005ayiKhSZd6yGbLxI^AyW0008l_0004M8
X-ORACLE-DMS-RID=0:1
Connection=close
Transfer-Encoding=chunked
Content-Type=application/json;charset=UTF-8

Cookies:
{}

Body:
{
    "timestamp": "2020-01-12T10:36:38.174+0400",
    "status": 500,
    "error": "Internal Server Error",
    "message": "No data element Found",
    "path": "/dlsgw/api/sec/authenticate"
}
 expected [200] but found [500]
	at org.testng.Assert.fail(Assert.java:94)
	at org.testng.Assert.failNotEquals(Assert.java:494)
	at org.testng.Assert.assertEquals(Assert.java:123)
	at org.testng.Assert.assertEquals(Assert.java:370)
	at ISOFT.APITesting.TCs.CorrelationTCs_ValuesValidation.test_steps(CorrelationTCs_ValuesValidation.java:123)
	at sun.reflect.NativeMethodAccessorImpl.invoke0(Native Method)
	at sun.reflect.NativeMethodAccessorImpl.invoke(NativeMethodAccessorImpl.java:62)
	at sun.reflect.DelegatingMethodAccessorImpl.invoke(DelegatingMethodAccessorImpl.java:43)
	at java.lang.reflect.Method.invoke(Method.java:498)
	at org.testng.internal.MethodInvocationHelper.invokeMethod(MethodInvocationHelper.java:80)
	at org.testng.internal.Invoker.invokeMethod(Invoker.java:714)
	at org.testng.internal.Invoker.invokeTestMethod(Invoker.java:901)
	at org.testng.internal.Invoker.invokeTestMethods(Invoker.java:1231)
	at org.testng.internal.TestMethodWorker.invokeTestMethods(TestMethodWorker.java:127)
	at org.testng.internal.TestMethodWorker.run(TestMethodWorker.java:111)
	at java.util.concurrent.ThreadPoolExecutor.runWorker(ThreadPoolExecutor.java:1149)
	at java.util.concurrent.ThreadPoolExecutor$Worker.run(ThreadPoolExecutor.java:624)
	at java.lang.Thread.run(Thread.java:748)
]]>
    </failure>
  </testcase> <!-- test_steps -->
  <testcase name="test_steps" time="0.249" classname="ISOFT.APITesting.TCs.CorrelationTCs_ValuesValidation">
    <failure type="java.lang.AssertionError" message="[Step 2]

************************************************************************************
URL: 
 &amp;lt;https://qadls:7779/dlsgw/dlsbackend/api/sct/application-types&amp;gt;
************************************************************************************
Request type: 
 &amp;lt;GET&amp;gt;
************************************************************************************
Headers: 
 &amp;lt;Authorization&amp;gt; : &amp;lt;null&amp;gt;
************************************************************************************
Request body: 
 &amp;lt;&amp;gt;
************************************************************************************
Expected status code: 
200
************************************************************************************
Json paths to check: 
N/A
************************************************************************************
The returned  response:

Headers:
Date=Sun, 12 Jan 2020 06:36:38 GMT
X-Content-Type-Options=nosniff
X-XSS-Protection=1; mode=block
Cache-Control=no-cache, no-store, max-age=0, must-revalidate
Pragma=no-cache
Expires=0
X-ORACLE-DMS-ECID=005ayiKiD8H6yGbLxI^AyW0008l_0006sM
X-ORACLE-DMS-RID=0:1
X-Frame-Options=SAMEORIGIN
X-XSS-Protection=1; mode=block
X-Content-Type-Options=nosniff
Strict-Transport-Security=max-age=31536000 ; includeSubDomains
Connection=close
Transfer-Encoding=chunked
Content-Type=application/problem+json

Cookies:
{}

Body:
{
    &amp;quot;status&amp;quot;: 500,
    &amp;quot;detail&amp;quot;: &amp;quot;You can track your problem with support team using system trace reference number: DLSGW/86773&amp;quot;,
    &amp;quot;errorCategory&amp;quot;: &amp;quot;103&amp;quot;,
    &amp;quot;path&amp;quot;: &amp;quot;/dlsgw/error&amp;quot;,
    &amp;quot;systemTraceId&amp;quot;: &amp;quot;DLSGW/86773&amp;quot;
}
 expected [200] but found [500]">
        <![CDATA[java.lang.AssertionError: [Step 2]

************************************************************************************
URL: 
 <https://qadls:7779/dlsgw/dlsbackend/api/sct/application-types>
************************************************************************************
Request type: 
 <GET>
************************************************************************************
Headers: 
 <Authorization> : <null>
************************************************************************************
Request body: 
 <>
************************************************************************************
Expected status code: 
200
************************************************************************************
Json paths to check: 
N/A
************************************************************************************
The returned  response:

Headers:
Date=Sun, 12 Jan 2020 06:36:38 GMT
X-Content-Type-Options=nosniff
X-XSS-Protection=1; mode=block
Cache-Control=no-cache, no-store, max-age=0, must-revalidate
Pragma=no-cache
Expires=0
X-ORACLE-DMS-ECID=005ayiKiD8H6yGbLxI^AyW0008l_0006sM
X-ORACLE-DMS-RID=0:1
X-Frame-Options=SAMEORIGIN
X-XSS-Protection=1; mode=block
X-Content-Type-Options=nosniff
Strict-Transport-Security=max-age=31536000 ; includeSubDomains
Connection=close
Transfer-Encoding=chunked
Content-Type=application/problem+json

Cookies:
{}

Body:
{
    "status": 500,
    "detail": "You can track your problem with support team using system trace reference number: DLSGW/86773",
    "errorCategory": "103",
    "path": "/dlsgw/error",
    "systemTraceId": "DLSGW/86773"
}
 expected [200] but found [500]
	at org.testng.Assert.fail(Assert.java:94)
	at org.testng.Assert.failNotEquals(Assert.java:494)
	at org.testng.Assert.assertEquals(Assert.java:123)
	at org.testng.Assert.assertEquals(Assert.java:370)
	at ISOFT.APITesting.TCs.CorrelationTCs_ValuesValidation.test_steps(CorrelationTCs_ValuesValidation.java:123)
	at sun.reflect.NativeMethodAccessorImpl.invoke0(Native Method)
	at sun.reflect.NativeMethodAccessorImpl.invoke(NativeMethodAccessorImpl.java:62)
	at sun.reflect.DelegatingMethodAccessorImpl.invoke(DelegatingMethodAccessorImpl.java:43)
	at java.lang.reflect.Method.invoke(Method.java:498)
	at org.testng.internal.MethodInvocationHelper.invokeMethod(MethodInvocationHelper.java:80)
	at org.testng.internal.Invoker.invokeMethod(Invoker.java:714)
	at org.testng.internal.Invoker.invokeTestMethod(Invoker.java:901)
	at org.testng.internal.Invoker.invokeTestMethods(Invoker.java:1231)
	at org.testng.internal.TestMethodWorker.invokeTestMethods(TestMethodWorker.java:127)
	at org.testng.internal.TestMethodWorker.run(TestMethodWorker.java:111)
	at java.util.concurrent.ThreadPoolExecutor.runWorker(ThreadPoolExecutor.java:1149)
	at java.util.concurrent.ThreadPoolExecutor$Worker.run(ThreadPoolExecutor.java:624)
	at java.lang.Thread.run(Thread.java:748)
]]>
    </failure>
  </testcase> <!-- test_steps -->
  <testcase name="test_steps" time="0.304" classname="ISOFT.APITesting.TCs.CorrelationTCs_ValuesValidation">
    <failure type="java.lang.AssertionError" message="[Step 3]

************************************************************************************
URL: 
 &amp;lt;https://qadls:7779/dlsgw/dlsbackend/api/trn/applications&amp;gt;
************************************************************************************
Request type: 
 &amp;lt;POST&amp;gt;
************************************************************************************
Headers: 
 &amp;lt;Authorization&amp;gt; : &amp;lt;null&amp;gt;
 &amp;lt;Content-Type&amp;gt; : &amp;lt;application/json&amp;gt;
************************************************************************************
Request body: 
 &amp;lt;{&amp;quot;applicationTypeId&amp;quot;:1,&amp;quot;applicationCriteria&amp;quot;:{&amp;quot;isExistingCustomer&amp;quot;:false}}&amp;gt;
************************************************************************************
Expected status code: 
201
************************************************************************************
Json paths to check: 
 &amp;lt;applicationReferenceNo&amp;gt; : &amp;lt;integer&amp;gt; : &amp;lt;NULL&amp;gt;
************************************************************************************
The returned  response:

Headers:
Date=Sun, 12 Jan 2020 06:36:38 GMT
X-Content-Type-Options=nosniff
X-XSS-Protection=1; mode=block
Cache-Control=no-cache, no-store, max-age=0, must-revalidate
Pragma=no-cache
Expires=0
X-ORACLE-DMS-ECID=005ayiKj9KU6yGbLxI^AyW0008l_0004M9
X-ORACLE-DMS-RID=0:1
X-Frame-Options=SAMEORIGIN
X-XSS-Protection=1; mode=block
X-Content-Type-Options=nosniff
Strict-Transport-Security=max-age=31536000 ; includeSubDomains
Connection=close
Transfer-Encoding=chunked
Content-Type=application/json;charset=UTF-8

Cookies:
{}

Body:
{
    &amp;quot;timestamp&amp;quot;: &amp;quot;2020-01-12T10:36:38.675+0400&amp;quot;,
    &amp;quot;status&amp;quot;: 500,
    &amp;quot;error&amp;quot;: &amp;quot;Internal Server Error&amp;quot;,
    &amp;quot;message&amp;quot;: &amp;quot;route:RequestZuulDecryptionFilter$$EnhancerBySpringCGLIB$$8a0c6245&amp;quot;
}
 expected [201] but found [500]">
        <![CDATA[java.lang.AssertionError: [Step 3]

************************************************************************************
URL: 
 <https://qadls:7779/dlsgw/dlsbackend/api/trn/applications>
************************************************************************************
Request type: 
 <POST>
************************************************************************************
Headers: 
 <Authorization> : <null>
 <Content-Type> : <application/json>
************************************************************************************
Request body: 
 <{"applicationTypeId":1,"applicationCriteria":{"isExistingCustomer":false}}>
************************************************************************************
Expected status code: 
201
************************************************************************************
Json paths to check: 
 <applicationReferenceNo> : <integer> : <NULL>
************************************************************************************
The returned  response:

Headers:
Date=Sun, 12 Jan 2020 06:36:38 GMT
X-Content-Type-Options=nosniff
X-XSS-Protection=1; mode=block
Cache-Control=no-cache, no-store, max-age=0, must-revalidate
Pragma=no-cache
Expires=0
X-ORACLE-DMS-ECID=005ayiKj9KU6yGbLxI^AyW0008l_0004M9
X-ORACLE-DMS-RID=0:1
X-Frame-Options=SAMEORIGIN
X-XSS-Protection=1; mode=block
X-Content-Type-Options=nosniff
Strict-Transport-Security=max-age=31536000 ; includeSubDomains
Connection=close
Transfer-Encoding=chunked
Content-Type=application/json;charset=UTF-8

Cookies:
{}

Body:
{
    "timestamp": "2020-01-12T10:36:38.675+0400",
    "status": 500,
    "error": "Internal Server Error",
    "message": "route:RequestZuulDecryptionFilter$$EnhancerBySpringCGLIB$$8a0c6245"
}
 expected [201] but found [500]
	at org.testng.Assert.fail(Assert.java:94)
	at org.testng.Assert.failNotEquals(Assert.java:494)
	at org.testng.Assert.assertEquals(Assert.java:123)
	at org.testng.Assert.assertEquals(Assert.java:370)
	at ISOFT.APITesting.TCs.CorrelationTCs_ValuesValidation.test_steps(CorrelationTCs_ValuesValidation.java:123)
	at sun.reflect.NativeMethodAccessorImpl.invoke0(Native Method)
	at sun.reflect.NativeMethodAccessorImpl.invoke(NativeMethodAccessorImpl.java:62)
	at sun.reflect.DelegatingMethodAccessorImpl.invoke(DelegatingMethodAccessorImpl.java:43)
	at java.lang.reflect.Method.invoke(Method.java:498)
	at org.testng.internal.MethodInvocationHelper.invokeMethod(MethodInvocationHelper.java:80)
	at org.testng.internal.Invoker.invokeMethod(Invoker.java:714)
	at org.testng.internal.Invoker.invokeTestMethod(Invoker.java:901)
	at org.testng.internal.Invoker.invokeTestMethods(Invoker.java:1231)
	at org.testng.internal.TestMethodWorker.invokeTestMethods(TestMethodWorker.java:127)
	at org.testng.internal.TestMethodWorker.run(TestMethodWorker.java:111)
	at java.util.concurrent.ThreadPoolExecutor.runWorker(ThreadPoolExecutor.java:1149)
	at java.util.concurrent.ThreadPoolExecutor$Worker.run(ThreadPoolExecutor.java:624)
	at java.lang.Thread.run(Thread.java:748)
]]>
    </failure>
  </testcase> <!-- test_steps -->
  <testcase name="test_steps" time="0.206" classname="ISOFT.APITesting.TCs.CorrelationTCs_ValuesValidation">
    <failure type="java.lang.NullPointerException">
        <![CDATA[java.lang.NullPointerException
	at ISOFT.APITesting.Utilities.ParsingTestData.getValue(ParsingTestData.java:48)
	at ISOFT.APITesting.Utilities.ParsingTestData.getAllString(ParsingTestData.java:64)
	at ISOFT.APITesting.TCs.CorrelationTCs_ValuesValidation.test_steps(CorrelationTCs_ValuesValidation.java:90)
	at sun.reflect.NativeMethodAccessorImpl.invoke0(Native Method)
	at sun.reflect.NativeMethodAccessorImpl.invoke(NativeMethodAccessorImpl.java:62)
	at sun.reflect.DelegatingMethodAccessorImpl.invoke(DelegatingMethodAccessorImpl.java:43)
	at java.lang.reflect.Method.invoke(Method.java:498)
	at org.testng.internal.MethodInvocationHelper.invokeMethod(MethodInvocationHelper.java:80)
	at org.testng.internal.Invoker.invokeMethod(Invoker.java:714)
	at org.testng.internal.Invoker.invokeTestMethod(Invoker.java:901)
	at org.testng.internal.Invoker.invokeTestMethods(Invoker.java:1231)
	at org.testng.internal.TestMethodWorker.invokeTestMethods(TestMethodWorker.java:127)
	at org.testng.internal.TestMethodWorker.run(TestMethodWorker.java:111)
	at java.util.concurrent.ThreadPoolExecutor.runWorker(ThreadPoolExecutor.java:1149)
	at java.util.concurrent.ThreadPoolExecutor$Worker.run(ThreadPoolExecutor.java:624)
	at java.lang.Thread.run(Thread.java:748)
]]>
    </failure>
  </testcase> <!-- test_steps -->
  <testcase name="test_steps" time="0.006" classname="ISOFT.APITesting.TCs.CorrelationTCs_ValuesValidation">
    <failure type="java.lang.NullPointerException">
        <![CDATA[java.lang.NullPointerException
	at ISOFT.APITesting.Utilities.ParsingTestData.getValue(ParsingTestData.java:48)
	at ISOFT.APITesting.Utilities.ParsingTestData.getAllString(ParsingTestData.java:64)
	at ISOFT.APITesting.TCs.CorrelationTCs_ValuesValidation.test_steps(CorrelationTCs_ValuesValidation.java:90)
	at sun.reflect.NativeMethodAccessorImpl.invoke0(Native Method)
	at sun.reflect.NativeMethodAccessorImpl.invoke(NativeMethodAccessorImpl.java:62)
	at sun.reflect.DelegatingMethodAccessorImpl.invoke(DelegatingMethodAccessorImpl.java:43)
	at java.lang.reflect.Method.invoke(Method.java:498)
	at org.testng.internal.MethodInvocationHelper.invokeMethod(MethodInvocationHelper.java:80)
	at org.testng.internal.Invoker.invokeMethod(Invoker.java:714)
	at org.testng.internal.Invoker.invokeTestMethod(Invoker.java:901)
	at org.testng.internal.Invoker.invokeTestMethods(Invoker.java:1231)
	at org.testng.internal.TestMethodWorker.invokeTestMethods(TestMethodWorker.java:127)
	at org.testng.internal.TestMethodWorker.run(TestMethodWorker.java:111)
	at java.util.concurrent.ThreadPoolExecutor.runWorker(ThreadPoolExecutor.java:1149)
	at java.util.concurrent.ThreadPoolExecutor$Worker.run(ThreadPoolExecutor.java:624)
	at java.lang.Thread.run(Thread.java:748)
]]>
    </failure>
  </testcase> <!-- test_steps -->
</testsuite> <!-- testAuthentication -->
