<html>
<head>
<title>TestNG:  Load profile by traffic code main scenario</title>
<link href="../testng.css" rel="stylesheet" type="text/css" />
<link href="../my-testng.css" rel="stylesheet" type="text/css" />

<style type="text/css">
.log { display: none;} 
.stack-trace { display: none;} 
</style>
<script type="text/javascript">
<!--
function flip(e) {
  current = e.style.display;
  if (current == 'block') {
    e.style.display = 'none';
    return 0;
  }
  else {
    e.style.display = 'block';
    return 1;
  }
}

function toggleBox(szDivId, elem, msg1, msg2)
{
  var res = -1;  if (document.getElementById) {
    res = flip(document.getElementById(szDivId));
  }
  else if (document.all) {
    // this is the way old msie versions work
    res = flip(document.all[szDivId]);
  }
  if(elem) {
    if(res == 0) elem.innerHTML = msg1; else elem.innerHTML = msg2;
  }

}

function toggleAllBoxes() {
  if (document.getElementsByTagName) {
    d = document.getElementsByTagName('div');
    for (i = 0; i < d.length; i++) {
      if (d[i].className == 'log') {
        flip(d[i]);
      }
    }
  }
}

// -->
</script>

</head>
<body>
<h2 align='center'>Load profile by traffic code main scenario</h2><table border='1' align="center">
<tr>
<td>Tests passed/Failed/Skipped:</td><td>1/6/0</td>
</tr><tr>
<td>Started on:</td><td>Tue Jan 14 08:15:29 GST 2020</td>
</tr>
<tr><td>Total time:</td><td>1 seconds (1760 ms)</td>
</tr><tr>
<td>Included groups:</td><td></td>
</tr><tr>
<td>Excluded groups:</td><td></td>
</tr>
</table><p/>
<small><i>(Hover the method name to see the test class name)</i></small><p/>
<table width='100%' border='1' class='invocation-failed'>
<tr><td colspan='4' align='center'><b>FAILED TESTS</b></td></tr>
<tr><td><b>Test method</b></td>
<td width="30%"><b>Exception</b></td>
<td width="10%"><b>Time (seconds)</b></td>
<td><b>Instance</b></td>
</tr>
<tr>
<td title='ISOFT.APITesting.TCs.CorrelationTCs_ValuesValidation.test_steps()'><b>test_steps</b><br>Test class: CorrelationTCs_ValuesValidation<br>Parameters: https://qadls:7779/dlsgw/dlsbackend/api/sct/application-types, GET, Authorization, [+]#prev_headers_res[1]:Authorization, , 200, , , </td>
<td><div><pre>java.lang.StringIndexOutOfBoundsException: String index out of range: 0
	at java.lang.String.charAt(String.java:658)
	at ISOFT.APITesting.Utilities.ParsingTestData.getAllString(ParsingTestData.java:66)
	at ISOFT.APITesting.TCs.CorrelationTCs_ValuesValidation.test_steps(CorrelationTCs_ValuesValidation.java:85)
	at sun.reflect.NativeMethodAccessorImpl.invoke0(Native Method)
	at sun.reflect.NativeMethodAccessorImpl.invoke(NativeMethodAccessorImpl.java:62)
	at sun.reflect.DelegatingMethodAccessorImpl.invoke(DelegatingMethodAccessorImpl.java:43)
	at java.lang.reflect.Method.invoke(Method.java:498)
	at org.testng.internal.MethodInvocationHelper.invokeMethod(MethodInvocationHelper.java:80)
	at org.testng.internal.Invoker.invokeMethod(Invoker.java:714)
	at org.testng.internal.Invoker.invokeTestMethod(Invoker.java:901)
	at org.testng.internal.Invoker.invokeTestMethods(Invoker.java:1231)
	at org.testng.internal.TestMethodWorker.invokeTestMethods(TestMethodWorker.java:127)
	at org.testng.internal.TestMethodWorker.run(TestMethodWorker.java:111)
	at java.util.concurrent.ThreadPoolExecutor.runWorker(ThreadPoolExecutor.java:1149)
	at java.util.concurrent.ThreadPoolExecutor$Worker.run(ThreadPoolExecutor.java:624)
	at java.lang.Thread.run(Thread.java:748)
</pre></div><a href='#' onClick='toggleBox("stack-trace154891191", this, "Click to show all stack frames", "Click to hide stack frames")'>Click to show all stack frames</a>
<div class='stack-trace' id='stack-trace154891191'><pre>java.lang.StringIndexOutOfBoundsException: String index out of range: 0
	at java.lang.String.charAt(String.java:658)
	at ISOFT.APITesting.Utilities.ParsingTestData.getAllString(ParsingTestData.java:66)
	at ISOFT.APITesting.TCs.CorrelationTCs_ValuesValidation.test_steps(CorrelationTCs_ValuesValidation.java:85)
	at sun.reflect.NativeMethodAccessorImpl.invoke0(Native Method)
	at sun.reflect.NativeMethodAccessorImpl.invoke(NativeMethodAccessorImpl.java:62)
	at sun.reflect.DelegatingMethodAccessorImpl.invoke(DelegatingMethodAccessorImpl.java:43)
	at java.lang.reflect.Method.invoke(Method.java:498)
	at org.testng.internal.MethodInvocationHelper.invokeMethod(MethodInvocationHelper.java:80)
	at org.testng.internal.Invoker.invokeMethod(Invoker.java:714)
	at org.testng.internal.Invoker.invokeTestMethod(Invoker.java:901)
	at org.testng.internal.Invoker.invokeTestMethods(Invoker.java:1231)
	at org.testng.internal.TestMethodWorker.invokeTestMethods(TestMethodWorker.java:127)
	at org.testng.internal.TestMethodWorker.run(TestMethodWorker.java:111)
	at java.util.concurrent.ThreadPoolExecutor.runWorker(ThreadPoolExecutor.java:1149)
	at java.util.concurrent.ThreadPoolExecutor$Worker.run(ThreadPoolExecutor.java:624)
	at java.lang.Thread.run(Thread.java:748)
</pre></div></td>
<td>0</td>
<td>VSSE.APITesting.TCs.CorrelationTCs_ValuesValidation@3234e239</td></tr>
<tr>
<td title='ISOFT.APITesting.TCs.CorrelationTCs_ValuesValidation.test_steps()'><b>test_steps</b><br>Test class: CorrelationTCs_ValuesValidation<br>Parameters: https://qadls:7779/dlsgw/dlsbackend/api/trn/applications, POST, Authorization
Content-Type, [+]#prev_headers_res[1]:Authorization
application/json, {"applicationTypeId":1,"applicationCriteria":{"isExistingCustomer":false}}, 201, applicationReferenceNo, NULL, integer</td>
<td><div><pre>java.lang.StringIndexOutOfBoundsException: String index out of range: 0
	at java.lang.String.charAt(String.java:658)
	at ISOFT.APITesting.Utilities.ParsingTestData.getAllString(ParsingTestData.java:66)
	at ISOFT.APITesting.TCs.CorrelationTCs_ValuesValidation.test_steps(CorrelationTCs_ValuesValidation.java:85)
	at sun.reflect.NativeMethodAccessorImpl.invoke0(Native Method)
	at sun.reflect.NativeMethodAccessorImpl.invoke(NativeMethodAccessorImpl.java:62)
	at sun.reflect.DelegatingMethodAccessorImpl.invoke(DelegatingMethodAccessorImpl.java:43)
	at java.lang.reflect.Method.invoke(Method.java:498)
	at org.testng.internal.MethodInvocationHelper.invokeMethod(MethodInvocationHelper.java:80)
	at org.testng.internal.Invoker.invokeMethod(Invoker.java:714)
	at org.testng.internal.Invoker.invokeTestMethod(Invoker.java:901)
	at org.testng.internal.Invoker.invokeTestMethods(Invoker.java:1231)
	at org.testng.internal.TestMethodWorker.invokeTestMethods(TestMethodWorker.java:127)
	at org.testng.internal.TestMethodWorker.run(TestMethodWorker.java:111)
	at java.util.concurrent.ThreadPoolExecutor.runWorker(ThreadPoolExecutor.java:1149)
	at java.util.concurrent.ThreadPoolExecutor$Worker.run(ThreadPoolExecutor.java:624)
	at java.lang.Thread.run(Thread.java:748)
</pre></div><a href='#' onClick='toggleBox("stack-trace1419613012", this, "Click to show all stack frames", "Click to hide stack frames")'>Click to show all stack frames</a>
<div class='stack-trace' id='stack-trace1419613012'><pre>java.lang.StringIndexOutOfBoundsException: String index out of range: 0
	at java.lang.String.charAt(String.java:658)
	at ISOFT.APITesting.Utilities.ParsingTestData.getAllString(ParsingTestData.java:66)
	at ISOFT.APITesting.TCs.CorrelationTCs_ValuesValidation.test_steps(CorrelationTCs_ValuesValidation.java:85)
	at sun.reflect.NativeMethodAccessorImpl.invoke0(Native Method)
	at sun.reflect.NativeMethodAccessorImpl.invoke(NativeMethodAccessorImpl.java:62)
	at sun.reflect.DelegatingMethodAccessorImpl.invoke(DelegatingMethodAccessorImpl.java:43)
	at java.lang.reflect.Method.invoke(Method.java:498)
	at org.testng.internal.MethodInvocationHelper.invokeMethod(MethodInvocationHelper.java:80)
	at org.testng.internal.Invoker.invokeMethod(Invoker.java:714)
	at org.testng.internal.Invoker.invokeTestMethod(Invoker.java:901)
	at org.testng.internal.Invoker.invokeTestMethods(Invoker.java:1231)
	at org.testng.internal.TestMethodWorker.invokeTestMethods(TestMethodWorker.java:127)
	at org.testng.internal.TestMethodWorker.run(TestMethodWorker.java:111)
	at java.util.concurrent.ThreadPoolExecutor.runWorker(ThreadPoolExecutor.java:1149)
	at java.util.concurrent.ThreadPoolExecutor$Worker.run(ThreadPoolExecutor.java:624)
	at java.lang.Thread.run(Thread.java:748)
</pre></div></td>
<td>0</td>
<td>VSSE.APITesting.TCs.CorrelationTCs_ValuesValidation@3234e239</td></tr>
<tr>
<td title='ISOFT.APITesting.TCs.CorrelationTCs_ValuesValidation.test_steps()'><b>test_steps</b><br>Test class: CorrelationTCs_ValuesValidation<br>Parameters: https://qadls:7779/dlsgw/dlsbackend/api/trn/applications/[+]#prev_body_integer_res[3]:applicationReferenceNo, GET, Authorization, [+]#prev_headers_res[1]:Authorization, , 200, applicationReferenceNo, NULL, integer</td>
<td><div><pre>java.lang.StringIndexOutOfBoundsException: String index out of range: 0
	at java.lang.String.charAt(String.java:658)
	at ISOFT.APITesting.Utilities.ParsingTestData.getAllString(ParsingTestData.java:66)
	at ISOFT.APITesting.TCs.CorrelationTCs_ValuesValidation.test_steps(CorrelationTCs_ValuesValidation.java:85)
	at sun.reflect.NativeMethodAccessorImpl.invoke0(Native Method)
	at sun.reflect.NativeMethodAccessorImpl.invoke(NativeMethodAccessorImpl.java:62)
	at sun.reflect.DelegatingMethodAccessorImpl.invoke(DelegatingMethodAccessorImpl.java:43)
	at java.lang.reflect.Method.invoke(Method.java:498)
	at org.testng.internal.MethodInvocationHelper.invokeMethod(MethodInvocationHelper.java:80)
	at org.testng.internal.Invoker.invokeMethod(Invoker.java:714)
	at org.testng.internal.Invoker.invokeTestMethod(Invoker.java:901)
	at org.testng.internal.Invoker.invokeTestMethods(Invoker.java:1231)
	at org.testng.internal.TestMethodWorker.invokeTestMethods(TestMethodWorker.java:127)
	at org.testng.internal.TestMethodWorker.run(TestMethodWorker.java:111)
	at java.util.concurrent.ThreadPoolExecutor.runWorker(ThreadPoolExecutor.java:1149)
	at java.util.concurrent.ThreadPoolExecutor$Worker.run(ThreadPoolExecutor.java:624)
	at java.lang.Thread.run(Thread.java:748)
</pre></div><a href='#' onClick='toggleBox("stack-trace467099357", this, "Click to show all stack frames", "Click to hide stack frames")'>Click to show all stack frames</a>
<div class='stack-trace' id='stack-trace467099357'><pre>java.lang.StringIndexOutOfBoundsException: String index out of range: 0
	at java.lang.String.charAt(String.java:658)
	at ISOFT.APITesting.Utilities.ParsingTestData.getAllString(ParsingTestData.java:66)
	at ISOFT.APITesting.TCs.CorrelationTCs_ValuesValidation.test_steps(CorrelationTCs_ValuesValidation.java:85)
	at sun.reflect.NativeMethodAccessorImpl.invoke0(Native Method)
	at sun.reflect.NativeMethodAccessorImpl.invoke(NativeMethodAccessorImpl.java:62)
	at sun.reflect.DelegatingMethodAccessorImpl.invoke(DelegatingMethodAccessorImpl.java:43)
	at java.lang.reflect.Method.invoke(Method.java:498)
	at org.testng.internal.MethodInvocationHelper.invokeMethod(MethodInvocationHelper.java:80)
	at org.testng.internal.Invoker.invokeMethod(Invoker.java:714)
	at org.testng.internal.Invoker.invokeTestMethod(Invoker.java:901)
	at org.testng.internal.Invoker.invokeTestMethods(Invoker.java:1231)
	at org.testng.internal.TestMethodWorker.invokeTestMethods(TestMethodWorker.java:127)
	at org.testng.internal.TestMethodWorker.run(TestMethodWorker.java:111)
	at java.util.concurrent.ThreadPoolExecutor.runWorker(ThreadPoolExecutor.java:1149)
	at java.util.concurrent.ThreadPoolExecutor$Worker.run(ThreadPoolExecutor.java:624)
	at java.lang.Thread.run(Thread.java:748)
</pre></div></td>
<td>0</td>
<td>VSSE.APITesting.TCs.CorrelationTCs_ValuesValidation@3234e239</td></tr>
<tr>
<td title='ISOFT.APITesting.TCs.CorrelationTCs_ValuesValidation.test_steps()'><b>test_steps</b><br>Test class: CorrelationTCs_ValuesValidation<br>Parameters: https://qadls:7779/dlsgw/api/trn/product-offers/initial?applicationReferenceNo=[+]#prev_body_integer_res[3]:applicationReferenceNo[+]&licenseCategoryCode=VCL_ID_4&isExistingCustomer=false&hasForeignLicense=false&finalOffer=false, GET, Authorization, [+]#prev_headers_res[1]:Authorization, , 200, applicationReferenceNo, NULL, integer</td>
<td><div><pre>java.lang.StringIndexOutOfBoundsException: String index out of range: 0
	at java.lang.String.charAt(String.java:658)
	at ISOFT.APITesting.Utilities.ParsingTestData.getAllString(ParsingTestData.java:66)
	at ISOFT.APITesting.TCs.CorrelationTCs_ValuesValidation.test_steps(CorrelationTCs_ValuesValidation.java:85)
	at sun.reflect.NativeMethodAccessorImpl.invoke0(Native Method)
	at sun.reflect.NativeMethodAccessorImpl.invoke(NativeMethodAccessorImpl.java:62)
	at sun.reflect.DelegatingMethodAccessorImpl.invoke(DelegatingMethodAccessorImpl.java:43)
	at java.lang.reflect.Method.invoke(Method.java:498)
	at org.testng.internal.MethodInvocationHelper.invokeMethod(MethodInvocationHelper.java:80)
	at org.testng.internal.Invoker.invokeMethod(Invoker.java:714)
	at org.testng.internal.Invoker.invokeTestMethod(Invoker.java:901)
	at org.testng.internal.Invoker.invokeTestMethods(Invoker.java:1231)
	at org.testng.internal.TestMethodWorker.invokeTestMethods(TestMethodWorker.java:127)
	at org.testng.internal.TestMethodWorker.run(TestMethodWorker.java:111)
	at java.util.concurrent.ThreadPoolExecutor.runWorker(ThreadPoolExecutor.java:1149)
	at java.util.concurrent.ThreadPoolExecutor$Worker.run(ThreadPoolExecutor.java:624)
	at java.lang.Thread.run(Thread.java:748)
</pre></div><a href='#' onClick='toggleBox("stack-trace1993584311", this, "Click to show all stack frames", "Click to hide stack frames")'>Click to show all stack frames</a>
<div class='stack-trace' id='stack-trace1993584311'><pre>java.lang.StringIndexOutOfBoundsException: String index out of range: 0
	at java.lang.String.charAt(String.java:658)
	at ISOFT.APITesting.Utilities.ParsingTestData.getAllString(ParsingTestData.java:66)
	at ISOFT.APITesting.TCs.CorrelationTCs_ValuesValidation.test_steps(CorrelationTCs_ValuesValidation.java:85)
	at sun.reflect.NativeMethodAccessorImpl.invoke0(Native Method)
	at sun.reflect.NativeMethodAccessorImpl.invoke(NativeMethodAccessorImpl.java:62)
	at sun.reflect.DelegatingMethodAccessorImpl.invoke(DelegatingMethodAccessorImpl.java:43)
	at java.lang.reflect.Method.invoke(Method.java:498)
	at org.testng.internal.MethodInvocationHelper.invokeMethod(MethodInvocationHelper.java:80)
	at org.testng.internal.Invoker.invokeMethod(Invoker.java:714)
	at org.testng.internal.Invoker.invokeTestMethod(Invoker.java:901)
	at org.testng.internal.Invoker.invokeTestMethods(Invoker.java:1231)
	at org.testng.internal.TestMethodWorker.invokeTestMethods(TestMethodWorker.java:127)
	at org.testng.internal.TestMethodWorker.run(TestMethodWorker.java:111)
	at java.util.concurrent.ThreadPoolExecutor.runWorker(ThreadPoolExecutor.java:1149)
	at java.util.concurrent.ThreadPoolExecutor$Worker.run(ThreadPoolExecutor.java:624)
	at java.lang.Thread.run(Thread.java:748)
</pre></div></td>
<td>0</td>
<td>VSSE.APITesting.TCs.CorrelationTCs_ValuesValidation@3234e239</td></tr>
<tr>
<td title='ISOFT.APITesting.TCs.CorrelationTCs_ValuesValidation.test_steps()'><b>test_steps</b><br>Test class: CorrelationTCs_ValuesValidation<br>Parameters: https://qadls:7779/dlsgw/api/trn/product-offers/initial, PUT, Authorization
Content-Type, [+]#prev_headers_res[1]:Authorization
application/json, {"applicationReferenceNo":[+]#prev_body_integer_res[3]:applicationReferenceNo[+],"finalOffer":false,"applicationCriteria":{"isExistingCustomer":false,"hasForeignLicense":false,"licenseCategoryCode":"VCL_ID_4","corporate":{"tradeLicenseNo":""}}}, 200, applicationReferenceNo, NULL, integer</td>
<td><div><pre>java.lang.StringIndexOutOfBoundsException: String index out of range: 0
	at java.lang.String.charAt(String.java:658)
	at ISOFT.APITesting.Utilities.ParsingTestData.getAllString(ParsingTestData.java:66)
	at ISOFT.APITesting.TCs.CorrelationTCs_ValuesValidation.test_steps(CorrelationTCs_ValuesValidation.java:85)
	at sun.reflect.NativeMethodAccessorImpl.invoke0(Native Method)
	at sun.reflect.NativeMethodAccessorImpl.invoke(NativeMethodAccessorImpl.java:62)
	at sun.reflect.DelegatingMethodAccessorImpl.invoke(DelegatingMethodAccessorImpl.java:43)
	at java.lang.reflect.Method.invoke(Method.java:498)
	at org.testng.internal.MethodInvocationHelper.invokeMethod(MethodInvocationHelper.java:80)
	at org.testng.internal.Invoker.invokeMethod(Invoker.java:714)
	at org.testng.internal.Invoker.invokeTestMethod(Invoker.java:901)
	at org.testng.internal.Invoker.invokeTestMethods(Invoker.java:1231)
	at org.testng.internal.TestMethodWorker.invokeTestMethods(TestMethodWorker.java:127)
	at org.testng.internal.TestMethodWorker.run(TestMethodWorker.java:111)
	at java.util.concurrent.ThreadPoolExecutor.runWorker(ThreadPoolExecutor.java:1149)
	at java.util.concurrent.ThreadPoolExecutor$Worker.run(ThreadPoolExecutor.java:624)
	at java.lang.Thread.run(Thread.java:748)
</pre></div><a href='#' onClick='toggleBox("stack-trace898870592", this, "Click to show all stack frames", "Click to hide stack frames")'>Click to show all stack frames</a>
<div class='stack-trace' id='stack-trace898870592'><pre>java.lang.StringIndexOutOfBoundsException: String index out of range: 0
	at java.lang.String.charAt(String.java:658)
	at ISOFT.APITesting.Utilities.ParsingTestData.getAllString(ParsingTestData.java:66)
	at ISOFT.APITesting.TCs.CorrelationTCs_ValuesValidation.test_steps(CorrelationTCs_ValuesValidation.java:85)
	at sun.reflect.NativeMethodAccessorImpl.invoke0(Native Method)
	at sun.reflect.NativeMethodAccessorImpl.invoke(NativeMethodAccessorImpl.java:62)
	at sun.reflect.DelegatingMethodAccessorImpl.invoke(DelegatingMethodAccessorImpl.java:43)
	at java.lang.reflect.Method.invoke(Method.java:498)
	at org.testng.internal.MethodInvocationHelper.invokeMethod(MethodInvocationHelper.java:80)
	at org.testng.internal.Invoker.invokeMethod(Invoker.java:714)
	at org.testng.internal.Invoker.invokeTestMethod(Invoker.java:901)
	at org.testng.internal.Invoker.invokeTestMethods(Invoker.java:1231)
	at org.testng.internal.TestMethodWorker.invokeTestMethods(TestMethodWorker.java:127)
	at org.testng.internal.TestMethodWorker.run(TestMethodWorker.java:111)
	at java.util.concurrent.ThreadPoolExecutor.runWorker(ThreadPoolExecutor.java:1149)
	at java.util.concurrent.ThreadPoolExecutor$Worker.run(ThreadPoolExecutor.java:624)
	at java.lang.Thread.run(Thread.java:748)
</pre></div></td>
<td>0</td>
<td>VSSE.APITesting.TCs.CorrelationTCs_ValuesValidation@3234e239</td></tr>
<tr>
<td title='ISOFT.APITesting.TCs.CorrelationTCs_ValuesValidation.test_steps()'><b>test_steps</b><br>Test class: CorrelationTCs_ValuesValidation<br>Parameters: https://qadls:7779/dlsgw/api/trn/product-offers/initial, PUT, Authorization
Content-Type, [+]#prev_headers_res[1]:Authorization
application/json, {"applicationReferenceNo":[+]#prev_body_integer_res[3]:applicationReferenceNo[+],"eidNumber":"784-1988-9729036-1","eidExpiryDate":"2022-04-17","language":"en"}, 400, , , </td>
<td><div><pre>java.lang.StringIndexOutOfBoundsException: String index out of range: 0
	at java.lang.String.charAt(String.java:658)
	at ISOFT.APITesting.Utilities.ParsingTestData.getAllString(ParsingTestData.java:66)
	at ISOFT.APITesting.TCs.CorrelationTCs_ValuesValidation.test_steps(CorrelationTCs_ValuesValidation.java:85)
	at sun.reflect.NativeMethodAccessorImpl.invoke0(Native Method)
	at sun.reflect.NativeMethodAccessorImpl.invoke(NativeMethodAccessorImpl.java:62)
	at sun.reflect.DelegatingMethodAccessorImpl.invoke(DelegatingMethodAccessorImpl.java:43)
	at java.lang.reflect.Method.invoke(Method.java:498)
	at org.testng.internal.MethodInvocationHelper.invokeMethod(MethodInvocationHelper.java:80)
	at org.testng.internal.Invoker.invokeMethod(Invoker.java:714)
	at org.testng.internal.Invoker.invokeTestMethod(Invoker.java:901)
	at org.testng.internal.Invoker.invokeTestMethods(Invoker.java:1231)
	at org.testng.internal.TestMethodWorker.invokeTestMethods(TestMethodWorker.java:127)
	at org.testng.internal.TestMethodWorker.run(TestMethodWorker.java:111)
	at java.util.concurrent.ThreadPoolExecutor.runWorker(ThreadPoolExecutor.java:1149)
	at java.util.concurrent.ThreadPoolExecutor$Worker.run(ThreadPoolExecutor.java:624)
	at java.lang.Thread.run(Thread.java:748)
</pre></div><a href='#' onClick='toggleBox("stack-trace149168921", this, "Click to show all stack frames", "Click to hide stack frames")'>Click to show all stack frames</a>
<div class='stack-trace' id='stack-trace149168921'><pre>java.lang.StringIndexOutOfBoundsException: String index out of range: 0
	at java.lang.String.charAt(String.java:658)
	at ISOFT.APITesting.Utilities.ParsingTestData.getAllString(ParsingTestData.java:66)
	at ISOFT.APITesting.TCs.CorrelationTCs_ValuesValidation.test_steps(CorrelationTCs_ValuesValidation.java:85)
	at sun.reflect.NativeMethodAccessorImpl.invoke0(Native Method)
	at sun.reflect.NativeMethodAccessorImpl.invoke(NativeMethodAccessorImpl.java:62)
	at sun.reflect.DelegatingMethodAccessorImpl.invoke(DelegatingMethodAccessorImpl.java:43)
	at java.lang.reflect.Method.invoke(Method.java:498)
	at org.testng.internal.MethodInvocationHelper.invokeMethod(MethodInvocationHelper.java:80)
	at org.testng.internal.Invoker.invokeMethod(Invoker.java:714)
	at org.testng.internal.Invoker.invokeTestMethod(Invoker.java:901)
	at org.testng.internal.Invoker.invokeTestMethods(Invoker.java:1231)
	at org.testng.internal.TestMethodWorker.invokeTestMethods(TestMethodWorker.java:127)
	at org.testng.internal.TestMethodWorker.run(TestMethodWorker.java:111)
	at java.util.concurrent.ThreadPoolExecutor.runWorker(ThreadPoolExecutor.java:1149)
	at java.util.concurrent.ThreadPoolExecutor$Worker.run(ThreadPoolExecutor.java:624)
	at java.lang.Thread.run(Thread.java:748)
</pre></div></td>
<td>0</td>
<td>VSSE.APITesting.TCs.CorrelationTCs_ValuesValidation@3234e239</td></tr>
</table><p>
<table width='100%' border='1' class='invocation-passed'>
<tr><td colspan='4' align='center'><b>PASSED TESTS</b></td></tr>
<tr><td><b>Test method</b></td>
<td width="30%"><b>Exception</b></td>
<td width="10%"><b>Time (seconds)</b></td>
<td><b>Instance</b></td>
</tr>
<tr>
<td title='ISOFT.APITesting.TCs.CorrelationTCs_ValuesValidation.test_steps()'><b>test_steps</b><br>Test class: CorrelationTCs_ValuesValidation<br>Parameters: https://qadls:7779/dlsgw/api/sec/authenticate, POST, Content-Type, application/json, {"apiKey": "NY*p.p>93^P6<!s[Q7`(X5)Jc8kWD*:fJ[B)db#UXe)??Ttjx]",
"username":"anonymous_user"
	}
	
, 200, id_token, NULL, string<br/>
<a href="#Output-633122347" onClick='toggleBox("Output-633122347", this, "Show output", "Hide output");'>Show output</a>

<a href="#Output-633122347" onClick="toggleAllBoxes();">Show all outputs</a>
<div class='log' id="Output-633122347">
Status Code :200</br> Response Body:</br>{
    "id_token": "eyJhbGciOiJIUzUxMiJ9.eyJzdWIiOiJhbm9ueW1vdXNfdXNlciIsImF1dGgiOiJST0xFX0FOT05ZTU9VUyIsImNoYW5uZWxDb2RlIjoiRExTX1BPUlRBTCIsInVzZXJUeXBlIjoiQU5PTllNT1VTIiwiZW5nbGlzaFVzZXJUeXBlRGVzYyI6IkFub255bW91cyAiLCJhcmFiaWNVc2VyVHlwZURlc2MiOiLYutmK2LEg2YXYqti52KfYsdmBINi52YTZitmHIiwidXNlcklkIjoxLCJlbmdsaXNoQ3VzdG9tZXJOYW1lIjoiUGVyc29uYWwgRGF0YSBmb3IgdGVzdGluZyBwdXJwb3NlczEiLCJhcmFiaWNDdXN0b21lck5hbWUiOiLYqNmK2KfZhtin2Kog2LTYrti12YrZhyDZhNmE2KfYrtiq2KjYp9ixINmB2YLYtzEiLCJleHAiOjE1NzkwNjE2Mjd9.Ias-YrUV7oRu0AN4YHNKyMSjMoQ5kPriMoNy8kD-M9l7TTVs2XXU7Gi7SWZubYBPQi21ofwnLT2z6xbn6VRbvQ",
    "tokenExpiry": "2020-01-15T08:13:47.000+0400",
    "authorities": [
        {
            "authority": "ROLE_ANONYMOUS"
        }
    ]
}</br>Response Headers:</br>Date=Tue, 14 Jan 2020 04:13:47 GMT
X-Content-Type-Options=nosniff
X-XSS-Protection=1; mode=block
Cache-Control=no-cache, no-store, max-age=0, must-revalidate
Pragma=no-cache
Expires=0
Strict-Transport-Security=max-age=31536000 ; includeSubDomains
X-ORACLE-DMS-RID=0:1
X-Content-Type-Options=nosniff
X-ORACLE-DMS-ECID=005b17HZtK66yGbLxI^AyW0008l_00053Z
Authorization=Bearer eyJhbGciOiJIUzUxMiJ9.eyJzdWIiOiJhbm9ueW1vdXNfdXNlciIsImF1dGgiOiJST0xFX0FOT05ZTU9VUyIsImNoYW5uZWxDb2RlIjoiRExTX1BPUlRBTCIsInVzZXJUeXBlIjoiQU5PTllNT1VTIiwiZW5nbGlzaFVzZXJUeXBlRGVzYyI6IkFub255bW91cyAiLCJhcmFiaWNVc2VyVHlwZURlc2MiOiLYutmK2LEg2YXYqti52KfYsdmBINi52YTZitmHIiwidXNlcklkIjoxLCJlbmdsaXNoQ3VzdG9tZXJOYW1lIjoiUGVyc29uYWwgRGF0YSBmb3IgdGVzdGluZyBwdXJwb3NlczEiLCJhcmFiaWNDdXN0b21lck5hbWUiOiLYqNmK2KfZhtin2Kog2LTYrti12YrZhyDZhNmE2KfYrtiq2KjYp9ixINmB2YLYtzEiLCJleHAiOjE1NzkwNjE2Mjd9.Ias-YrUV7oRu0AN4YHNKyMSjMoQ5kPriMoNy8kD-M9l7TTVs2XXU7Gi7SWZubYBPQi21ofwnLT2z6xbn6VRbvQ
X-XSS-Protection=1; mode=block
X-Frame-Options=SAMEORIGIN
Connection=close
Transfer-Encoding=chunked
Content-Type=application/json;charset=UTF-8<br/>
</div>
</td>
<td></td>
<td>1</td>
<td>VSSE.APITesting.TCs.CorrelationTCs_ValuesValidation@3234e239</td></tr>
</table><p>
</body>
</html>